LivroAndroidCap03/app/build/outputs/apk/manifest-merger-debug-report.txt
-- Merging decision tree log ---
manifest
ADDED from AndroidManifest.xml:46:1
	package
		ADDED from AndroidManifest.xml:48:5
		INJECTED from AndroidManifest.xml:0:0
		INJECTED from AndroidManifest.xml:0:0
	android:versionName
		ADDED from AndroidManifest.xml:50:5
	xmlns:tools
		ADDED from AndroidManifest.xml:47:5
	android:versionCode
		ADDED from AndroidManifest.xml:49:5
		INJECTED from AndroidManifest.xml:0:0
		INJECTED from AndroidManifest.xml:0:0
	xmlns:android
		ADDED from AndroidManifest.xml:46:11
uses-sdk
ADDED from AndroidManifest.xml:52:5
	android:targetSdkVersion
		ADDED from AndroidManifest.xml:54:9
		INJECTED from AndroidManifest.xml:0:0
		INJECTED from AndroidManifest.xml:0:0
	android:minSdkVersion
		ADDED from AndroidManifest.xml:53:9
		INJECTED from AndroidManifest.xml:0:0
		INJECTED from AndroidManifest.xml:0:0
application
ADDED from AndroidManifest.xml:56:5
	android:label
		ADDED from AndroidManifest.xml:59:9
	android:allowBackup
		ADDED from AndroidManifest.xml:57:9
	android:icon
		ADDED from AndroidManifest.xml:58:9
	android:theme
		ADDED from AndroidManifest.xml:60:9
activity#br.livro.android.cap3.Exemplo1
ADDED from AndroidManifest.xml:61:9
	android:label
		ADDED from AndroidManifest.xml:63:13
	android:name
		ADDED from AndroidManifest.xml:62:13
intent-filter#android.intent.action.MAIN+android.intent.category.LAUNCHER
ADDED from AndroidManifest.xml:64:13
action#android.intent.action.MAIN
ADDED from AndroidManifest.xml:65:17
	android:name
		ADDED from AndroidManifest.xml:65:25
category#android.intent.category.LAUNCHER
ADDED from AndroidManifest.xml:67:17
	android:name
		ADDED from AndroidManifest.xml:67:27
activity#br.livro.android.cap3.Exemplo2
ADDED from AndroidManifest.xml:70:9
	tools:ignore
		ADDED from AndroidManifest.xml:72:13
	android:name
		ADDED from AndroidManifest.xml:71:13
intent-filter#android.intent.action.MAIN
ADDED from AndroidManifest.xml:73:13
activity#br.livro.android.cap3.Exemplo3
ADDED from AndroidManifest.xml:77:9
	tools:ignore
		ADDED from AndroidManifest.xml:79:13
	android:name
		ADDED from AndroidManifest.xml:78:13
activity#br.livro.android.cap3.Exemplo4
ADDED from AndroidManifest.xml:84:9
	tools:ignore
		ADDED from AndroidManifest.xml:86:13
	android:name
		ADDED from AndroidManifest.xml:85:13
activity#br.livro.android.cap3.Exemplo5
ADDED from AndroidManifest.xml:91:9
	tools:ignore
		ADDED from AndroidManifest.xml:93:13
	android:name
		ADDED from AndroidManifest.xml:92:13